  源.cpp
D:\University\程序设计\游戏项目 数字华容道\数字华容道\数字华容道\源.cpp(215,2): warning C4996: 'sprintf': This function or variable may be unsafe. Consider using sprintf_s instead. To disable deprecation, use _CRT_SECURE_NO_WARNINGS. See online help for details.
D:\University\程序设计\游戏项目 数字华容道\数字华容道\数字华容道\源.cpp(221,2): warning C4996: 'sprintf': This function or variable may be unsafe. Consider using sprintf_s instead. To disable deprecation, use _CRT_SECURE_NO_WARNINGS. See online help for details.
D:\University\程序设计\游戏项目 数字华容道\数字华容道\数字华容道\源.cpp(227,2): warning C4996: 'sprintf': This function or variable may be unsafe. Consider using sprintf_s instead. To disable deprecation, use _CRT_SECURE_NO_WARNINGS. See online help for details.
D:\University\程序设计\游戏项目 数字华容道\数字华容道\数字华容道\源.cpp(233,2): warning C4996: 'sprintf': This function or variable may be unsafe. Consider using sprintf_s instead. To disable deprecation, use _CRT_SECURE_NO_WARNINGS. See online help for details.
D:\University\程序设计\游戏项目 数字华容道\数字华容道\数字华容道\源.cpp(239,2): warning C4996: 'sprintf': This function or variable may be unsafe. Consider using sprintf_s instead. To disable deprecation, use _CRT_SECURE_NO_WARNINGS. See online help for details.
D:\University\程序设计\游戏项目 数字华容道\数字华容道\数字华容道\源.cpp(245,2): warning C4996: 'sprintf': This function or variable may be unsafe. Consider using sprintf_s instead. To disable deprecation, use _CRT_SECURE_NO_WARNINGS. See online help for details.
D:\University\程序设计\游戏项目 数字华容道\数字华容道\数字华容道\源.cpp(251,2): warning C4996: 'sprintf': This function or variable may be unsafe. Consider using sprintf_s instead. To disable deprecation, use _CRT_SECURE_NO_WARNINGS. See online help for details.
D:\University\程序设计\游戏项目 数字华容道\数字华容道\数字华容道\源.cpp(257,2): warning C4996: 'sprintf': This function or variable may be unsafe. Consider using sprintf_s instead. To disable deprecation, use _CRT_SECURE_NO_WARNINGS. See online help for details.
D:\University\程序设计\游戏项目 数字华容道\数字华容道\数字华容道\源.cpp(269,2): warning C4996: 'sprintf': This function or variable may be unsafe. Consider using sprintf_s instead. To disable deprecation, use _CRT_SECURE_NO_WARNINGS. See online help for details.
D:\University\程序设计\游戏项目 数字华容道\数字华容道\数字华容道\源.cpp(275,2): warning C4996: 'sprintf': This function or variable may be unsafe. Consider using sprintf_s instead. To disable deprecation, use _CRT_SECURE_NO_WARNINGS. See online help for details.
D:\University\程序设计\游戏项目 数字华容道\数字华容道\数字华容道\源.cpp(281,2): warning C4996: 'sprintf': This function or variable may be unsafe. Consider using sprintf_s instead. To disable deprecation, use _CRT_SECURE_NO_WARNINGS. See online help for details.
D:\University\程序设计\游戏项目 数字华容道\数字华容道\数字华容道\源.cpp(287,2): warning C4996: 'sprintf': This function or variable may be unsafe. Consider using sprintf_s instead. To disable deprecation, use _CRT_SECURE_NO_WARNINGS. See online help for details.
D:\University\程序设计\游戏项目 数字华容道\数字华容道\数字华容道\源.cpp(293,2): warning C4996: 'sprintf': This function or variable may be unsafe. Consider using sprintf_s instead. To disable deprecation, use _CRT_SECURE_NO_WARNINGS. See online help for details.
D:\University\程序设计\游戏项目 数字华容道\数字华容道\数字华容道\源.cpp(299,2): warning C4996: 'sprintf': This function or variable may be unsafe. Consider using sprintf_s instead. To disable deprecation, use _CRT_SECURE_NO_WARNINGS. See online help for details.
D:\University\程序设计\游戏项目 数字华容道\数字华容道\数字华容道\源.cpp(305,2): warning C4996: 'sprintf': This function or variable may be unsafe. Consider using sprintf_s instead. To disable deprecation, use _CRT_SECURE_NO_WARNINGS. See online help for details.
D:\University\程序设计\游戏项目 数字华容道\数字华容道\数字华容道\源.cpp(311,2): warning C4996: 'sprintf': This function or variable may be unsafe. Consider using sprintf_s instead. To disable deprecation, use _CRT_SECURE_NO_WARNINGS. See online help for details.
D:\University\程序设计\游戏项目 数字华容道\数字华容道\数字华容道\源.cpp(323,2): warning C4996: 'sprintf': This function or variable may be unsafe. Consider using sprintf_s instead. To disable deprecation, use _CRT_SECURE_NO_WARNINGS. See online help for details.
D:\University\程序设计\游戏项目 数字华容道\数字华容道\数字华容道\源.cpp(329,2): warning C4996: 'sprintf': This function or variable may be unsafe. Consider using sprintf_s instead. To disable deprecation, use _CRT_SECURE_NO_WARNINGS. See online help for details.
D:\University\程序设计\游戏项目 数字华容道\数字华容道\数字华容道\源.cpp(335,2): warning C4996: 'sprintf': This function or variable may be unsafe. Consider using sprintf_s instead. To disable deprecation, use _CRT_SECURE_NO_WARNINGS. See online help for details.
D:\University\程序设计\游戏项目 数字华容道\数字华容道\数字华容道\源.cpp(341,2): warning C4996: 'sprintf': This function or variable may be unsafe. Consider using sprintf_s instead. To disable deprecation, use _CRT_SECURE_NO_WARNINGS. See online help for details.
D:\University\程序设计\游戏项目 数字华容道\数字华容道\数字华容道\源.cpp(347,2): warning C4996: 'sprintf': This function or variable may be unsafe. Consider using sprintf_s instead. To disable deprecation, use _CRT_SECURE_NO_WARNINGS. See online help for details.
D:\University\程序设计\游戏项目 数字华容道\数字华容道\数字华容道\源.cpp(353,2): warning C4996: 'sprintf': This function or variable may be unsafe. Consider using sprintf_s instead. To disable deprecation, use _CRT_SECURE_NO_WARNINGS. See online help for details.
D:\University\程序设计\游戏项目 数字华容道\数字华容道\数字华容道\源.cpp(359,2): warning C4996: 'sprintf': This function or variable may be unsafe. Consider using sprintf_s instead. To disable deprecation, use _CRT_SECURE_NO_WARNINGS. See online help for details.
D:\University\程序设计\游戏项目 数字华容道\数字华容道\数字华容道\源.cpp(365,2): warning C4996: 'sprintf': This function or variable may be unsafe. Consider using sprintf_s instead. To disable deprecation, use _CRT_SECURE_NO_WARNINGS. See online help for details.
D:\University\程序设计\游戏项目 数字华容道\数字华容道\数字华容道\源.cpp(377,2): warning C4996: 'sprintf': This function or variable may be unsafe. Consider using sprintf_s instead. To disable deprecation, use _CRT_SECURE_NO_WARNINGS. See online help for details.
D:\University\程序设计\游戏项目 数字华容道\数字华容道\数字华容道\源.cpp(383,2): warning C4996: 'sprintf': This function or variable may be unsafe. Consider using sprintf_s instead. To disable deprecation, use _CRT_SECURE_NO_WARNINGS. See online help for details.
D:\University\程序设计\游戏项目 数字华容道\数字华容道\数字华容道\源.cpp(389,2): warning C4996: 'sprintf': This function or variable may be unsafe. Consider using sprintf_s instead. To disable deprecation, use _CRT_SECURE_NO_WARNINGS. See online help for details.
D:\University\程序设计\游戏项目 数字华容道\数字华容道\数字华容道\源.cpp(395,2): warning C4996: 'sprintf': This function or variable may be unsafe. Consider using sprintf_s instead. To disable deprecation, use _CRT_SECURE_NO_WARNINGS. See online help for details.
D:\University\程序设计\游戏项目 数字华容道\数字华容道\数字华容道\源.cpp(401,2): warning C4996: 'sprintf': This function or variable may be unsafe. Consider using sprintf_s instead. To disable deprecation, use _CRT_SECURE_NO_WARNINGS. See online help for details.
D:\University\程序设计\游戏项目 数字华容道\数字华容道\数字华容道\源.cpp(407,2): warning C4996: 'sprintf': This function or variable may be unsafe. Consider using sprintf_s instead. To disable deprecation, use _CRT_SECURE_NO_WARNINGS. See online help for details.
D:\University\程序设计\游戏项目 数字华容道\数字华容道\数字华容道\源.cpp(413,2): warning C4996: 'sprintf': This function or variable may be unsafe. Consider using sprintf_s instead. To disable deprecation, use _CRT_SECURE_NO_WARNINGS. See online help for details.
D:\University\程序设计\游戏项目 数字华容道\数字华容道\数字华容道\源.cpp(419,2): warning C4996: 'sprintf': This function or variable may be unsafe. Consider using sprintf_s instead. To disable deprecation, use _CRT_SECURE_NO_WARNINGS. See online help for details.
D:\University\程序设计\游戏项目 数字华容道\数字华容道\数字华容道\源.cpp(431,2): warning C4996: 'sprintf': This function or variable may be unsafe. Consider using sprintf_s instead. To disable deprecation, use _CRT_SECURE_NO_WARNINGS. See online help for details.
D:\University\程序设计\游戏项目 数字华容道\数字华容道\数字华容道\源.cpp(437,2): warning C4996: 'sprintf': This function or variable may be unsafe. Consider using sprintf_s instead. To disable deprecation, use _CRT_SECURE_NO_WARNINGS. See online help for details.
D:\University\程序设计\游戏项目 数字华容道\数字华容道\数字华容道\源.cpp(443,2): warning C4996: 'sprintf': This function or variable may be unsafe. Consider using sprintf_s instead. To disable deprecation, use _CRT_SECURE_NO_WARNINGS. See online help for details.
D:\University\程序设计\游戏项目 数字华容道\数字华容道\数字华容道\源.cpp(449,2): warning C4996: 'sprintf': This function or variable may be unsafe. Consider using sprintf_s instead. To disable deprecation, use _CRT_SECURE_NO_WARNINGS. See online help for details.
D:\University\程序设计\游戏项目 数字华容道\数字华容道\数字华容道\源.cpp(455,2): warning C4996: 'sprintf': This function or variable may be unsafe. Consider using sprintf_s instead. To disable deprecation, use _CRT_SECURE_NO_WARNINGS. See online help for details.
D:\University\程序设计\游戏项目 数字华容道\数字华容道\数字华容道\源.cpp(461,2): warning C4996: 'sprintf': This function or variable may be unsafe. Consider using sprintf_s instead. To disable deprecation, use _CRT_SECURE_NO_WARNINGS. See online help for details.
D:\University\程序设计\游戏项目 数字华容道\数字华容道\数字华容道\源.cpp(467,2): warning C4996: 'sprintf': This function or variable may be unsafe. Consider using sprintf_s instead. To disable deprecation, use _CRT_SECURE_NO_WARNINGS. See online help for details.
D:\University\程序设计\游戏项目 数字华容道\数字华容道\数字华容道\源.cpp(473,2): warning C4996: 'sprintf': This function or variable may be unsafe. Consider using sprintf_s instead. To disable deprecation, use _CRT_SECURE_NO_WARNINGS. See online help for details.
D:\University\程序设计\游戏项目 数字华容道\数字华容道\数字华容道\源.cpp(490,2): warning C4996: 'sprintf': This function or variable may be unsafe. Consider using sprintf_s instead. To disable deprecation, use _CRT_SECURE_NO_WARNINGS. See online help for details.
  正在生成代码
  2 of 42 functions ( 4.8%) were compiled, the rest were copied from previous compilation.
    0 functions were new in current compilation
    0 functions had inline decision re-evaluated but remain unchanged
  已完成代码的生成
  数字华容道.vcxproj -> D:\University\程序设计\游戏项目 数字华容道\数字华容道\x64\Release\数字华容道.exe
